<?xml version="1.0" encoding="UTF-8"?>
<!-- Generated by org.testng.reporters.JUnitReportReporter -->
<testsuite hostname="Joy" failures="0" tests="1" name="DemoWeb.ReportTest" time="15.874" errors="0" timestamp="2023-12-26T15:38:09 IST" skipped="0">
  <testcase classname="DemoWeb.ReportTest" name="reportTest" time="15.874"/>
</testsuite> <!-- DemoWeb.ReportTest -->
