<?xml version="1.0" encoding="UTF-8"?>
<!-- Generated by org.testng.reporters.JUnitReportReporter -->
<testsuite hostname="Joy" failures="0" tests="1" name="DemoWeb.BooksTest" time="5.826" errors="0" timestamp="2023-12-27T15:34:26 IST" skipped="0">
  <testcase classname="DemoWeb.BooksTest" name="books" time="5.826">
    <system-out>
      <![CDATA[Heading of the Books page is Books]]>
    </system-out>
  </testcase> <!-- books -->
  <system-out>
    <![CDATA[Connect to the database
Before test
Launch the browser
Login
Heading of the Books page is Books
Logout
Close the browser
After test
DisConnect to the database]]>
  </system-out>
</testsuite> <!-- DemoWeb.BooksTest -->
