<?xml version="1.0" encoding="UTF-8"?>
<!-- Generated by org.testng.reporters.JUnitReportReporter -->
<testsuite hostname="Joy" failures="0" tests="1" name="DemoWeb.JewelryTest" time="7.181" errors="0" timestamp="2023-12-22T14:57:33 IST" skipped="0">
  <testcase classname="DemoWeb.JewelryTest" name="diamondHeart" time="7.181"/>
  <system-out>
    <![CDATA[Connect to the database
Before test
Launch the browser
Login
Logout
Close the browser
After test
DisConnect to the database]]>
  </system-out>
</testsuite> <!-- DemoWeb.JewelryTest -->
